<?xml version="1.0" encoding="UTF-8"?>
<robot generator="Robot 4.1.3 (Python 3.8.10 on linux)" generated="20220131 08:35:20.175" rpa="false" schemaversion="2">
<suite id="s1" name="Processtest" source="/root/processtest.robot">
<test id="s1-t1" name="Test1">
<kw name="Run Process" library="Process">
<arg>python3</arg>
<arg>-c</arg>
<arg>print('Hello, world!')</arg>
<doc>Runs a process and waits for it to complete.</doc>
<msg timestamp="20220131 08:35:20.199" level="INFO">Starting process:
python3 -c "print('Hello, world!')"</msg>
<msg timestamp="20220131 08:35:20.203" level="INFO">Waiting for process to complete.</msg>
<msg timestamp="20220131 08:35:20.221" level="INFO">Process completed.</msg>
<status status="PASS" starttime="20220131 08:35:20.199" endtime="20220131 08:35:20.221"/>
</kw>
<status status="PASS" starttime="20220131 08:35:20.198" endtime="20220131 08:35:20.222"/>
</test>
<test id="s1-t2" name="Test2">
<kw name="Run Process" library="Process">
<var>${result}</var>
<arg>ansible</arg>
<arg>--version</arg>
<doc>Runs a process and waits for it to complete.</doc>
<msg timestamp="20220131 08:35:20.223" level="INFO">Starting process:
ansible --version</msg>
<msg timestamp="20220131 08:35:20.226" level="INFO">Waiting for process to complete.</msg>
<msg timestamp="20220131 08:35:20.480" level="INFO">Process completed.</msg>
<msg timestamp="20220131 08:35:20.481" level="INFO">${result} = &lt;result object with rc 0&gt;</msg>
<status status="PASS" starttime="20220131 08:35:20.223" endtime="20220131 08:35:20.481"/>
</kw>
<kw name="Should Be Equal" library="BuiltIn">
<arg>${result.rc}</arg>
<arg>${0}</arg>
<doc>Fails if the given objects are unequal.</doc>
<status status="PASS" starttime="20220131 08:35:20.481" endtime="20220131 08:35:20.483"/>
</kw>
<kw name="Log" library="BuiltIn">
<arg>stdout: ${result.stdout}</arg>
<doc>Logs the given message with the given level.</doc>
<msg timestamp="20220131 08:35:20.484" level="INFO">stdout: ansible 2.9.27
  config file = /root/ansible.cfg
  configured module search path = ['/root/.ansible/plugins/modules', '/usr/share/ansible/plugins/modules']
  ansible python module location = /usr/local/lib/python3.8/dist-packages/ansible
  executable location = /usr/local/bin/ansible
  python version = 3.8.10 (default, Nov 26 2021, 20:14:08) [GCC 9.3.0]</msg>
<status status="PASS" starttime="20220131 08:35:20.483" endtime="20220131 08:35:20.484"/>
</kw>
<status status="PASS" starttime="20220131 08:35:20.222" endtime="20220131 08:35:20.484"/>
</test>
<test id="s1-t3" name="Test3">
<kw name="Run Process" library="Process">
<var>${result}</var>
<arg>ansible-playbook</arg>
<arg>getarp.yml</arg>
<doc>Runs a process and waits for it to complete.</doc>
<msg timestamp="20220131 08:35:20.485" level="INFO">Starting process:
ansible-playbook getarp.yml</msg>
<msg timestamp="20220131 08:35:20.488" level="INFO">Waiting for process to complete.</msg>
<msg timestamp="20220131 08:35:22.154" level="INFO">Process completed.</msg>
<msg timestamp="20220131 08:35:22.154" level="INFO">${result} = &lt;result object with rc 0&gt;</msg>
<status status="PASS" starttime="20220131 08:35:20.485" endtime="20220131 08:35:22.154"/>
</kw>
<kw name="Should Be Equal" library="BuiltIn">
<arg>${result.rc}</arg>
<arg>${0}</arg>
<doc>Fails if the given objects are unequal.</doc>
<status status="PASS" starttime="20220131 08:35:22.155" endtime="20220131 08:35:22.156"/>
</kw>
<kw name="Log" library="BuiltIn">
<arg>stdout: ${result.stdout}</arg>
<doc>Logs the given message with the given level.</doc>
<msg timestamp="20220131 08:35:22.157" level="INFO">stdout: 
PLAY [Get ARP information] *****************************************************

TASK [show arp] ****************************************************************
changed: [R1]
changed: [R2]

TASK [debug] *******************************************************************
ok: [R1] =&gt; {
    "print_output.stdout_lines": [
        "",
        "Protocol  Address          Age (min)  Hardware Addr   Type   Interface",
        "Internet  192.168.122.10          -   c201.6971.0000  ARPA   FastEthernet0/0",
        "Internet  192.168.122.242        10   e2fe.726d.5a88  ARPA   FastEthernet0/0"
    ]
}
ok: [R2] =&gt; {
    "print_output.stdout_lines": [
        "",
        "Protocol  Address          Age (min)  Hardware Addr   Type   Interface",
        "Internet  192.168.122.11          -   c202.6981.0000  ARPA   FastEthernet0/0",
        "Internet  192.168.122.242         9   e2fe.726d.5a88  ARPA   FastEthernet0/0"
    ]
}

PLAY RECAP *********************************************************************
R1                         : ok=2    changed=1    unreachable=0    failed=0    skipped=0    rescued=0    ignored=0   
R2                         : ok=2    changed=1    unreachable=0    failed=0    skipped=0    rescued=0    ignored=0   
</msg>
<status status="PASS" starttime="20220131 08:35:22.157" endtime="20220131 08:35:22.157"/>
</kw>
<status status="PASS" starttime="20220131 08:35:20.485" endtime="20220131 08:35:22.158"/>
</test>
<test id="s1-t4" name="Test4">
<kw name="Run Process" library="Process">
<var>${result}</var>
<arg>python3</arg>
<arg>-c</arg>
<arg>git_push.py</arg>
<doc>Runs a process and waits for it to complete.</doc>
<msg timestamp="20220131 08:35:22.159" level="INFO">Starting process:
python3 -c git_push.py</msg>
<msg timestamp="20220131 08:35:22.162" level="INFO">Waiting for process to complete.</msg>
<msg timestamp="20220131 08:35:22.179" level="INFO">Process completed.</msg>
<msg timestamp="20220131 08:35:22.179" level="INFO">${result} = &lt;result object with rc 1&gt;</msg>
<status status="PASS" starttime="20220131 08:35:22.159" endtime="20220131 08:35:22.179"/>
</kw>
<kw name="Should Be Equal" library="BuiltIn">
<arg>${result.rc}</arg>
<arg>${0}</arg>
<doc>Fails if the given objects are unequal.</doc>
<msg timestamp="20220131 08:35:22.181" level="FAIL">1 != 0</msg>
<status status="FAIL" starttime="20220131 08:35:22.180" endtime="20220131 08:35:22.182"/>
</kw>
<kw name="Log" library="BuiltIn">
<arg>stdout: ${result.stdout}</arg>
<doc>Logs the given message with the given level.</doc>
<status status="NOT RUN" starttime="20220131 08:35:22.182" endtime="20220131 08:35:22.182"/>
</kw>
<status status="FAIL" starttime="20220131 08:35:22.158" endtime="20220131 08:35:22.182">1 != 0</status>
</test>
<status status="FAIL" starttime="20220131 08:35:20.176" endtime="20220131 08:35:22.183"/>
</suite>
<statistics>
<total>
<stat pass="3" fail="1" skip="0">All Tests</stat>
</total>
<tag>
</tag>
<suite>
<stat pass="3" fail="1" skip="0" id="s1" name="Processtest">Processtest</stat>
</suite>
</statistics>
<errors>
</errors>
</robot>
