<?xml version="1.0" encoding="UTF-8"?>
<robot generator="Robot 4.1.3 (Python 3.8.10 on linux)" generated="20220128 04:59:42.754" rpa="false" schemaversion="2">
<suite id="s1" name="Processtest" source="/root/processtest.robot">
<test id="s1-t1" name="Test1">
<kw name="Run Process" library="Process">
<arg>python3</arg>
<arg>-c</arg>
<arg>print('Hello, world!')</arg>
<doc>Runs a process and waits for it to complete.</doc>
<msg timestamp="20220128 04:59:42.778" level="INFO">Starting process:
python3 -c "print('Hello, world!')"</msg>
<msg timestamp="20220128 04:59:42.783" level="INFO">Waiting for process to complete.</msg>
<msg timestamp="20220128 04:59:42.801" level="INFO">Process completed.</msg>
<status status="PASS" starttime="20220128 04:59:42.778" endtime="20220128 04:59:42.801"/>
</kw>
<status status="PASS" starttime="20220128 04:59:42.777" endtime="20220128 04:59:42.802"/>
</test>
<test id="s1-t2" name="Test2">
<kw name="Run Process" library="Process">
<var>${result}</var>
<arg>ansible</arg>
<arg>--version</arg>
<doc>Runs a process and waits for it to complete.</doc>
<msg timestamp="20220128 04:59:42.803" level="INFO">Starting process:
ansible --version</msg>
<msg timestamp="20220128 04:59:42.806" level="INFO">Waiting for process to complete.</msg>
<msg timestamp="20220128 04:59:43.271" level="INFO">Process completed.</msg>
<msg timestamp="20220128 04:59:43.271" level="INFO">${result} = &lt;result object with rc 0&gt;</msg>
<status status="PASS" starttime="20220128 04:59:42.803" endtime="20220128 04:59:43.271"/>
</kw>
<kw name="Should Be Equal" library="BuiltIn">
<arg>${result.rc}</arg>
<arg>${0}</arg>
<doc>Fails if the given objects are unequal.</doc>
<status status="PASS" starttime="20220128 04:59:43.272" endtime="20220128 04:59:43.273"/>
</kw>
<kw name="Log" library="BuiltIn">
<arg>stdout: ${result.stdout}</arg>
<doc>Logs the given message with the given level.</doc>
<msg timestamp="20220128 04:59:43.274" level="INFO">stdout: ansible 2.9.27
  config file = /root/ansible.cfg
  configured module search path = ['/root/.ansible/plugins/modules', '/usr/share/ansible/plugins/modules']
  ansible python module location = /usr/local/lib/python3.8/dist-packages/ansible
  executable location = /usr/local/bin/ansible
  python version = 3.8.10 (default, Nov 26 2021, 20:14:08) [GCC 9.3.0]</msg>
<status status="PASS" starttime="20220128 04:59:43.273" endtime="20220128 04:59:43.274"/>
</kw>
<status status="PASS" starttime="20220128 04:59:42.802" endtime="20220128 04:59:43.275"/>
</test>
<test id="s1-t3" name="Test3">
<kw name="Run Process" library="Process">
<var>${result}</var>
<arg>ansible-playbook</arg>
<arg>getarp.yml</arg>
<doc>Runs a process and waits for it to complete.</doc>
<msg timestamp="20220128 04:59:43.276" level="INFO">Starting process:
ansible-playbook getarp.yml</msg>
<msg timestamp="20220128 04:59:43.279" level="INFO">Waiting for process to complete.</msg>
<msg timestamp="20220128 04:59:45.357" level="INFO">Process completed.</msg>
<msg timestamp="20220128 04:59:45.358" level="INFO">${result} = &lt;result object with rc 0&gt;</msg>
<status status="PASS" starttime="20220128 04:59:43.276" endtime="20220128 04:59:45.358"/>
</kw>
<kw name="Should Be Equal" library="BuiltIn">
<arg>${result.rc}</arg>
<arg>${0}</arg>
<doc>Fails if the given objects are unequal.</doc>
<status status="PASS" starttime="20220128 04:59:45.359" endtime="20220128 04:59:45.360"/>
</kw>
<kw name="Log" library="BuiltIn">
<arg>stdout: ${result.stdout}</arg>
<doc>Logs the given message with the given level.</doc>
<msg timestamp="20220128 04:59:45.361" level="INFO">stdout: 
PLAY [Get ARP information] *****************************************************

TASK [show arp] ****************************************************************
changed: [R2]
changed: [R1]

TASK [debug] *******************************************************************
ok: [R1] =&gt; {
    "print_output.stdout_lines": [
        "",
        "Protocol  Address          Age (min)  Hardware Addr   Type   Interface",
        "Internet  192.168.0.3             8   5266.6529.2d1e  ARPA   FastEthernet0/0",
        "Internet  192.168.0.4             0   8621.4449.da35  ARPA   FastEthernet0/0",
        "Internet  192.168.0.10            -   c201.6971.0000  ARPA   FastEthernet0/0",
        "Internet  192.168.0.11            8   c202.6981.0000  ARPA   FastEthernet0/0"
    ]
}
ok: [R2] =&gt; {
    "print_output.stdout_lines": [
        "",
        "Protocol  Address          Age (min)  Hardware Addr   Type   Interface",
        "Internet  192.168.0.3             4   5266.6529.2d1e  ARPA   FastEthernet0/0",
        "Internet  192.168.0.4             0   8621.4449.da35  ARPA   FastEthernet0/0",
        "Internet  192.168.0.10            4   c201.6971.0000  ARPA   FastEthernet0/0",
        "Internet  192.168.0.11            -   c202.6981.0000  ARPA   FastEthernet0/0"
    ]
}

PLAY RECAP *********************************************************************
R1                         : ok=2    changed=1    unreachable=0    failed=0    skipped=0    rescued=0    ignored=0   
R2                         : ok=2    changed=1    unreachable=0    failed=0    skipped=0    rescued=0    ignored=0   
</msg>
<status status="PASS" starttime="20220128 04:59:45.360" endtime="20220128 04:59:45.361"/>
</kw>
<status status="PASS" starttime="20220128 04:59:43.275" endtime="20220128 04:59:45.361"/>
</test>
<status status="PASS" starttime="20220128 04:59:42.755" endtime="20220128 04:59:45.363"/>
</suite>
<statistics>
<total>
<stat pass="3" fail="0" skip="0">All Tests</stat>
</total>
<tag>
</tag>
<suite>
<stat pass="3" fail="0" skip="0" id="s1" name="Processtest">Processtest</stat>
</suite>
</statistics>
<errors>
</errors>
</robot>
